Build started 12/2/2014 10:42:59 PM.
     1>Project "F:\Development\atv\AirPlay Media\webserver\vs2013\webserver\webserver.vcxproj" on node 2 (Rebuild target(s)).
     1>C:\Program Files (x86)\MSBuild\Microsoft.Cpp\v4.0\V120\Microsoft.CppBuild.targets(364,5): warning MSB8004: Output Directory does not end with a trailing slash.  This build instance will add the slash as it is required to allow proper evaluation of the Output Directory.
     1>ClCompile:
         F:\Microsoft Visual Studio 12.0\VC\bin\CL.exe /c /I..\..\ /Zi /nologo /W3 /WX- /O2 /Oi /Oy- /GL /D WIN32 /D NDEBUG /D _CONSOLE /D _LIB /D _UNICODE /D UNICODE /Gm- /EHsc /MD /GS /Gy /fp:precise /Zc:wchar_t /Zc:forScope /Fo"Release\\" /Fd"Release\vc120.pdb" /Gd /TC /analyze- /errorReport:prompt ..\..\examples\web_server\web_server.c ..\..\mongoose.c
         web_server.c
     1>..\..\examples\web_server\web_server.c(355): warning C4996: 'getcwd': The POSIX name for this item is deprecated. Instead, use the ISO C++ conformant name: _getcwd. See online help for details.
                 F:\Microsoft Visual Studio 12.0\VC\include\direct.h(130) : see declaration of 'getcwd'
     1>..\..\examples\web_server\web_server.c(507): warning C4996: 'chdir': The POSIX name for this item is deprecated. Instead, use the ISO C++ conformant name: _chdir. See online help for details.
                 F:\Microsoft Visual Studio 12.0\VC\include\direct.h(136) : see declaration of 'chdir'
         mongoose.c
     1>..\..\mongoose.c(3717): warning C4244: 'initializing' : conversion from 'int64_t' to 'size_t', possible loss of data
     1>..\..\mongoose.c(4825): warning C4244: 'return' : conversion from 'time_t' to 'int', possible loss of data
       Link:
         F:\Microsoft Visual Studio 12.0\VC\bin\link.exe /ERRORREPORT:PROMPT /OUT:"..\..\..\bin\Release\webserver.exe" /INCREMENTAL:NO /NOLOGO kernel32.lib user32.lib gdi32.lib winspool.lib comdlg32.lib advapi32.lib shell32.lib ole32.lib oleaut32.lib uuid.lib odbc32.lib odbccp32.lib /MANIFEST /MANIFESTUAC:"level='asInvoker' uiAccess='false'" /manifest:embed /DEBUG /PDB:"..\..\..\bin\Release\webserver.pdb" /SUBSYSTEM:CONSOLE /OPT:REF /OPT:ICF /LTCG /TLBID:1 /DYNAMICBASE /NXCOMPAT /IMPLIB:"..\..\..\bin\Release\webserver.lib" /MACHINE:X86 /SAFESEH Release\web_server.obj
         Release\mongoose.obj
         Generating code
         Finished generating code
         webserver.vcxproj -> F:\Development\atv\AirPlay Media\webserver\vs2013\webserver\..\..\..\bin\Release\webserver.exe
     1>Done Building Project "F:\Development\atv\AirPlay Media\webserver\vs2013\webserver\webserver.vcxproj" (Rebuild target(s)).

Build succeeded.

Time Elapsed 00:00:04.07
