Build started 12/2/2014 9:29:33 PM.
     1>Project "F:\Development\atv\AirPlay Media\webserver\vs2013\webserver\webserver.vcxproj" on node 2 (Rebuild target(s)).
     1>C:\Program Files (x86)\MSBuild\Microsoft.Cpp\v4.0\V120\Microsoft.CppBuild.targets(364,5): warning MSB8004: Output Directory does not end with a trailing slash.  This build instance will add the slash as it is required to allow proper evaluation of the Output Directory.
     1>ClCompile:
         F:\Microsoft Visual Studio 12.0\VC\bin\CL.exe /c /I..\..\ /ZI /nologo /W3 /WX- /Od /Oy- /D WIN32 /D _DEBUG /D _CONSOLE /D _LIB /D _UNICODE /D UNICODE /Gm /EHsc /RTC1 /MDd /GS /fp:precise /Zc:wchar_t /Zc:forScope /Fo"Debug\\" /Fd"Debug\vc120.pdb" /Gd /TC /analyze- /errorReport:prompt ..\..\examples\web_server\web_server.c ..\..\mongoose.c
         mongoose.c
     1>f:\development\atv\airplay media\webserver\mongoose.c(3717): warning C4244: 'initializing' : conversion from 'int64_t' to 'size_t', possible loss of data
     1>f:\development\atv\airplay media\webserver\mongoose.c(4825): warning C4244: 'return' : conversion from 'time_t' to 'int', possible loss of data
         web_server.c
     1>f:\development\atv\airplay media\webserver\examples\web_server\web_server.c(355): warning C4996: 'getcwd': The POSIX name for this item is deprecated. Instead, use the ISO C++ conformant name: _getcwd. See online help for details.
                 f:\microsoft visual studio 12.0\vc\include\direct.h(130) : see declaration of 'getcwd'
     1>f:\development\atv\airplay media\webserver\examples\web_server\web_server.c(507): warning C4996: 'chdir': The POSIX name for this item is deprecated. Instead, use the ISO C++ conformant name: _chdir. See online help for details.
                 f:\microsoft visual studio 12.0\vc\include\direct.h(136) : see declaration of 'chdir'
         Generating Code...
       Link:
         F:\Microsoft Visual Studio 12.0\VC\bin\link.exe /ERRORREPORT:PROMPT /OUT:"..\..\..\bin\Debug\webserver.exe" /INCREMENTAL /NOLOGO Psapi.lib kernel32.lib user32.lib gdi32.lib winspool.lib comdlg32.lib advapi32.lib shell32.lib ole32.lib oleaut32.lib uuid.lib odbc32.lib odbccp32.lib /MANIFEST /MANIFESTUAC:"level='asInvoker' uiAccess='false'" /manifest:embed /DEBUG /PDB:"..\..\..\bin\Debug\webserver.pdb" /SUBSYSTEM:CONSOLE /TLBID:1 /DYNAMICBASE /NXCOMPAT /IMPLIB:"..\..\..\bin\Debug\webserver.lib" /MACHINE:X86 Debug\web_server.obj
         Debug\mongoose.obj
         webserver.vcxproj -> F:\Development\atv\AirPlay Media\webserver\vs2013\webserver\..\..\..\bin\Debug\webserver.exe
     1>Done Building Project "F:\Development\atv\AirPlay Media\webserver\vs2013\webserver\webserver.vcxproj" (Rebuild target(s)).

Build succeeded.

Time Elapsed 00:00:03.26
